#! /nix/store/5r1520v3jbajg1d10r4h44lml8dywh9p-iverilog-12.0/bin/vvp
:ivl_version "12.0 (stable)";
:ivl_delay_selection "TYPICAL";
:vpi_time_precision - 12;
:vpi_module "/nix/store/5r1520v3jbajg1d10r4h44lml8dywh9p-iverilog-12.0/lib/ivl/system.vpi";
:vpi_module "/nix/store/5r1520v3jbajg1d10r4h44lml8dywh9p-iverilog-12.0/lib/ivl/vhdl_sys.vpi";
:vpi_module "/nix/store/5r1520v3jbajg1d10r4h44lml8dywh9p-iverilog-12.0/lib/ivl/vhdl_textio.vpi";
:vpi_module "/nix/store/5r1520v3jbajg1d10r4h44lml8dywh9p-iverilog-12.0/lib/ivl/v2005_math.vpi";
:vpi_module "/nix/store/5r1520v3jbajg1d10r4h44lml8dywh9p-iverilog-12.0/lib/ivl/va_math.vpi";
S_0x175aa00 .scope module, "mux4" "mux4" 2 2;
 .timescale -9 -12;
    .port_info 0 /INPUT 1 "i0";
    .port_info 1 /INPUT 1 "i1";
    .port_info 2 /INPUT 1 "i2";
    .port_info 3 /INPUT 1 "i3";
    .port_info 4 /INPUT 2 "sel";
    .port_info 5 /OUTPUT 1 "o";
o0x7f01e2c57018 .functor BUFZ 1, C4<z>; HiZ drive
v0x177f150_0 .net "i0", 0 0, o0x7f01e2c57018;  0 drivers
o0x7f01e2c57048 .functor BUFZ 1, C4<z>; HiZ drive
v0x17943c0_0 .net "i1", 0 0, o0x7f01e2c57048;  0 drivers
o0x7f01e2c57078 .functor BUFZ 1, C4<z>; HiZ drive
v0x1794480_0 .net "i2", 0 0, o0x7f01e2c57078;  0 drivers
o0x7f01e2c570a8 .functor BUFZ 1, C4<z>; HiZ drive
v0x1794520_0 .net "i3", 0 0, o0x7f01e2c570a8;  0 drivers
v0x17945e0_0 .net "intermediate", 3 0, L_0x17950c0;  1 drivers
v0x1794710_0 .net "o", 0 0, L_0x1795280;  1 drivers
o0x7f01e2c57138 .functor BUFZ 2, C4<zz>; HiZ drive
v0x17947d0_0 .net "sel", 1 0, o0x7f01e2c57138;  0 drivers
L_0x17950c0 .concat [ 1 1 1 1], o0x7f01e2c570a8, o0x7f01e2c57078, o0x7f01e2c57048, o0x7f01e2c57018;
L_0x1795280 .part/v L_0x17950c0, o0x7f01e2c57138, 1;
S_0x1745d10 .scope module, "utils_tb" "utils_tb" 3 5;
 .timescale -9 -12;
v0x1794e50_0 .net "change", 0 0, v0x1794a90_0;  1 drivers
v0x1794ef0_0 .var "clk", 0 0;
v0x1794fc0_0 .var "selector_in", 1 0;
S_0x1747730 .scope module, "cd" "change_detector" 3 11, 2 18 0, S_0x1745d10;
 .timescale -9 -12;
    .port_info 0 /INPUT 1 "clk";
    .port_info 1 /INPUT 2 "sel_in";
    .port_info 2 /OUTPUT 1 "change_out";
v0x1794a90_0 .var "change_out", 0 0;
v0x1794b70_0 .net "clk", 0 0, v0x1794ef0_0;  1 drivers
v0x1794c30_0 .var "last_value", 1 0;
v0x1794cf0_0 .net "sel_in", 1 0, v0x1794fc0_0;  1 drivers
E_0x17802a0 .event posedge, v0x1794b70_0;
    .scope S_0x1747730;
T_0 ;
    %pushi/vec4 1, 0, 1;
    %store/vec4 v0x1794a90_0, 0, 1;
    %pushi/vec4 0, 0, 2;
    %store/vec4 v0x1794c30_0, 0, 2;
    %end;
    .thread T_0;
    .scope S_0x1747730;
T_1 ;
    %wait E_0x17802a0;
    %load/vec4 v0x1794cf0_0;
    %load/vec4 v0x1794c30_0;
    %cmp/ne;
    %flag_get/vec4 4;
    %store/vec4 v0x1794a90_0, 0, 1;
    %load/vec4 v0x1794cf0_0;
    %store/vec4 v0x1794c30_0, 0, 2;
    %jmp T_1;
    .thread T_1;
    .scope S_0x1745d10;
T_2 ;
    %delay 1000, 0;
    %load/vec4 v0x1794ef0_0;
    %inv;
    %store/vec4 v0x1794ef0_0, 0, 1;
    %jmp T_2;
    .thread T_2;
    .scope S_0x1745d10;
T_3 ;
    %pushi/vec4 0, 0, 1;
    %store/vec4 v0x1794ef0_0, 0, 1;
    %vpi_call 3 21 "$dumpfile", "utils.vcd" {0 0 0};
    %vpi_call 3 22 "$dumpvars" {0 0 0};
    %pushi/vec4 2, 0, 2;
    %store/vec4 v0x1794fc0_0, 0, 2;
    %delay 5000, 0;
    %pushi/vec4 3, 0, 2;
    %store/vec4 v0x1794fc0_0, 0, 2;
    %delay 5000, 0;
    %pushi/vec4 0, 0, 2;
    %store/vec4 v0x1794fc0_0, 0, 2;
    %delay 5000, 0;
    %pushi/vec4 2, 0, 2;
    %store/vec4 v0x1794fc0_0, 0, 2;
    %delay 5000, 0;
    %pushi/vec4 0, 0, 2;
    %store/vec4 v0x1794fc0_0, 0, 2;
    %delay 5000, 0;
    %vpi_call 3 33 "$finish" {0 0 0};
    %end;
    .thread T_3;
# The file index is used to find the file name in the following table.
:file_names 4;
    "N/A";
    "<interactive>";
    "./utils.v";
    "tb_utils.v";
